0 info it worked if it ends with ok
1 verbose cli [ '/usr/bin/nodejs', '/usr/bin/npm', 'run', 'build-js' ]
2 info using npm@3.10.3
3 info using node@v6.6.0
4 verbose run-script [ 'prebuild-js', 'build-js', 'postbuild-js' ]
5 info lifecycle angular-seed@0.0.0~prebuild-js: angular-seed@0.0.0
6 silly lifecycle angular-seed@0.0.0~prebuild-js: no script for prebuild-js, continuing
7 info lifecycle angular-seed@0.0.0~build-js: angular-seed@0.0.0
8 verbose lifecycle angular-seed@0.0.0~build-js: unsafe-perm in lifecycle true
9 verbose lifecycle angular-seed@0.0.0~build-js: PATH: /usr/lib/node_modules/npm/bin/node-gyp-bin:/mnt/c/dev/calc/node_modules/.bin:/usr/bin:/usr/local/sbin:/usr/local/bin:/usr/sbin:/usr/bin:/sbin:/bin:/usr/games:/usr/local/games:/mnt/c/Program Files/Docker/Docker/resources/bin:/mnt/c/ProgramData/Oracle/Java/javapath:/mnt/c/Windows/System32:/mnt/c/Windows:/mnt/c/Windows/System32/wbem:/mnt/c/Windows/System32/WindowsPowerShell/v1.0:/mnt/c/Program Files/Git/cmd:/mnt/c/Program Files (x86)/Windows Kits/8.1/Windows Performance Toolkit:/mnt/c/Program Files/Calibre2:/mnt/c/Program Files (x86)/Heroku/bin:/mnt/c/Program Files (x86)/Git/cmd:/mnt/c/Program Files (x86)/Git/cmd:/mnt/c/ProgramData/Chocolatey/bin:/mnt/c/Program Files/OpenSSH-Win64:/mnt/c/Program Files (x86)/PuTTY:/mnt/c/HashiCorp/Vagrant/bin:/mnt/c/Program Files/PuTTY:/mnt/c/Program Files/nodejs:/mnt/c/Users/akwes/Anaconda2:/mnt/c/Users/akwes/Anaconda2/Scripts:/mnt/c/Users/akwes/Anaconda2/Library/bin:/mnt/c/Program Files (x86)/Microsoft VS Code/bin:/mnt/c/Users/akwes/AppData/Local/Microsoft/WindowsApps:/mnt/c/MinGW/bin:/mnt/c/Users/akwes/AppData/Local/Pandoc:/mnt/c/Users/akwes/AppData/Local/Programs/MiKTeX 2.9/miktex/bin:/mnt/c/Program Files/PostgreSQL/9.6/bin:/mnt/c/Program Files (x86)/Graphviz2.38/bin:/mnt/c/Program Files/CMake/bin:/mnt/c/Program Files (x86)/Microsoft VS Code Insiders/bin:/mnt/c/dev/Spark/spark-2.1.0-bin-hadoop2.7/bin:/mnt/c/Users/akwes/AppData/Roaming/npm
10 verbose lifecycle angular-seed@0.0.0~build-js: CWD: /mnt/c/dev/calc
11 silly lifecycle angular-seed@0.0.0~build-js: Args: [ '-c',
11 silly lifecycle   'mkdir app/build && find . -name \'*.js\' -exec cp --parents \\{\\} /app/build \\;' ]
12 silly lifecycle angular-seed@0.0.0~build-js: Returned: code: 1  signal: null
13 info lifecycle angular-seed@0.0.0~build-js: Failed to exec build-js script
14 verbose stack Error: angular-seed@0.0.0 build-js: `mkdir app/build && find . -name '*.js' -exec cp --parents \{\} /app/build \;`
14 verbose stack Exit status 1
14 verbose stack     at EventEmitter.<anonymous> (/usr/lib/node_modules/npm/lib/utils/lifecycle.js:242:16)
14 verbose stack     at emitTwo (events.js:106:13)
14 verbose stack     at EventEmitter.emit (events.js:191:7)
14 verbose stack     at ChildProcess.<anonymous> (/usr/lib/node_modules/npm/lib/utils/spawn.js:40:14)
14 verbose stack     at emitTwo (events.js:106:13)
14 verbose stack     at ChildProcess.emit (events.js:191:7)
14 verbose stack     at maybeClose (internal/child_process.js:877:16)
14 verbose stack     at Process.ChildProcess._handle.onexit (internal/child_process.js:226:5)
15 verbose pkgid angular-seed@0.0.0
16 verbose cwd /mnt/c/dev/calc/app
17 error Linux 4.4.0-43-Microsoft
18 error argv "/usr/bin/nodejs" "/usr/bin/npm" "run" "build-js"
19 error node v6.6.0
20 error npm  v3.10.3
21 error code ELIFECYCLE
22 error angular-seed@0.0.0 build-js: `mkdir app/build && find . -name '*.js' -exec cp --parents \{\} /app/build \;`
22 error Exit status 1
23 error Failed at the angular-seed@0.0.0 build-js script 'mkdir app/build && find . -name '*.js' -exec cp --parents \{\} /app/build \;'.
23 error Make sure you have the latest version of node.js and npm installed.
23 error If you do, this is most likely a problem with the angular-seed package,
23 error not with npm itself.
23 error Tell the author that this fails on your system:
23 error     mkdir app/build && find . -name '*.js' -exec cp --parents \{\} /app/build \;
23 error You can get information on how to open an issue for this project with:
23 error     npm bugs angular-seed
23 error Or if that isn't available, you can get their info via:
23 error     npm owner ls angular-seed
23 error There is likely additional logging output above.
24 verbose exit [ 1, true ]
